  train_models.cpp
g:\lihaoran\c++ program\train\train\train_models.cpp(49): warning C4244: “=”: 从“double”转换到“float”，可能丢失数据
g:\lihaoran\c++ program\train\train\train_models.cpp(50): warning C4244: “=”: 从“double”转换到“float”，可能丢失数据
g:\lihaoran\c++ program\train\train\train_models.cpp(77): warning C4101: “bias_conv”: 未引用的局部变量
g:\lihaoran\c++ program\train\train\train_models.cpp(78): warning C4101: “we_fc”: 未引用的局部变量
g:\lihaoran\c++ program\train\train\train_models.cpp(72): warning C4101: “i”: 未引用的局部变量
g:\lihaoran\c++ program\train\train\train_models.cpp(79): warning C4101: “bias_fc”: 未引用的局部变量
g:\lihaoran\c++ program\train\train\train_models.cpp(76): warning C4101: “we_conv”: 未引用的局部变量
g:\lihaoran\c++ program\train\train\train_models.cpp(148): warning C4244: “=”: 从“fixed”转换到“int”，可能丢失数据
g:\lihaoran\c++ program\train\train\train_models.cpp(120): warning C4101: “k”: 未引用的局部变量
g:\lihaoran\c++ program\train\train\train_models.cpp(342): warning C4244: “参数”: 从“double”转换到“int”，可能丢失数据
g:\lihaoran\c++ program\train\train\train_models.cpp(409): warning C4244: “参数”: 从“double”转换到“int”，可能丢失数据
g:\lihaoran\c++ program\train\train\train_models.cpp(434): warning C4244: “return”: 从“int”转换到“float”，可能丢失数据
g:\lihaoran\c++ program\train\train\train_models.cpp(180): warning C4101: “bias_conv”: 未引用的局部变量
g:\lihaoran\c++ program\train\train\train_models.cpp(181): warning C4101: “we_fc”: 未引用的局部变量
g:\lihaoran\c++ program\train\train\train_models.cpp(182): warning C4101: “bias_fc”: 未引用的局部变量
g:\lihaoran\c++ program\train\train\train_models.cpp(179): warning C4101: “we_conv”: 未引用的局部变量
g:\lihaoran\c++ program\train\train\train_models.cpp(474): warning C4305: “return”: 从“double”到“float”截断
g:\lihaoran\c++ program\train\train\train_models.cpp(451): warning C4101: “train_error”: 未引用的局部变量
g:\lihaoran\c++ program\train\train\train_models.cpp(439): warning C4101: “k”: 未引用的局部变量
g:\lihaoran\c++ program\train\train\train_models.cpp(449): warning C4101: “correct”: 未引用的局部变量
g:\lihaoran\c++ program\train\train\train_models.cpp(449): warning C4101: “label”: 未引用的局部变量
  Train.vcxproj -> G:\LiHaoran\c++ program\Train\Debug\Train.exe
